1599059029345	geckodriver	INFO	Listening on 127.0.0.1:60381
1599059032420	mozrunner::runner	INFO	Running command: "C:\\Program Files (x86)\\Mozilla Firefox\\firefox.exe" "--marionette" "-foreground" "-no-remote" "-profile" "C:\\Users\\User\\AppData\\Local\\Temp\\rust_mozprofile7LbJtV"
console.error: SearchCache: "_readCacheFile: Error reading cache file:" (new Error("", "(unknown module)"))
JavaScript error: resource://gre/modules/XULStore.jsm, line 66: Error: Can't find profile directory.
1599059035688	Marionette	INFO	Listening on port 60391
1599059036054	Marionette	WARN	TLS certificate errors will be ignored for this session
console.warn: LoginRecipes: "getRecipes: falling back to a synchronous message for:" "https://yandex.ru"
console.warn: LoginRecipes: "getRecipes: falling back to a synchronous message for:" "https://yandex.ru"
IPDL protocol error: Handler returned error code!

###!!! [Parent][DispatchAsyncMessage] Error: PLayerTransaction::Msg_ReleaseLayer Processing error: message was deserialized, but the handler returned false (indicating failure)

IPDL protocol error: Handler returned error code!

###!!! [Parent][DispatchAsyncMessage] Error: PLayerTransaction::Msg_ReleaseLayer Processing error: message was deserialized, but the handler returned false (indicating failure)

IPDL protocol error: Handler returned error code!

###!!! [Parent][DispatchAsyncMessage] Error: PLayerTransaction::Msg_ReleaseLayer Processing error: message was deserialized, but the handler returned false (indicating failure)

IPDL protocol error: Handler returned error code!

###!!! [Parent][DispatchAsyncMessage] Error: PLayerTransaction::Msg_ReleaseLayer Processing error: message was deserialized, but the handler returned false (indicating failure)

1599059680768	Marionette	INFO	Stopped listening on port 60391

###!!! [Child][RunMessage] Error: Channel closing: too late to send/recv, messages will be lost


###!!! [Child][MessageChannel::SendAndWait] Error: Channel error: cannot send/recv

ource://devtools/server/actors/network-monitor/network-observer.js:113:9
_onRequestHeader@resource://devtools/server/actors/network-monitor/network-observer.js:864:10
NetworkObserver.prototype.observeActivity<@resource://devtools/server/actors/network-monitor/network-observer.js:639:12
exports.makeInfallible/<@resource://devtools/shared/ThreadSafeDevToolsUtils.js:103:22
Line: 113, column: 9
console.error: (new TypeError("topFrame.browsingContext is null", "resource://devtools/server/actors/network-monitor/network-observer.js", 113))
Handler function _httpResponseExaminer threw an exception: TypeError: topFrame.browsingContext is null
Stack: matchRequest@resource://devtools/server/actors/network-monitor/network-observer.js:113:9
_httpResponseExaminer@resource://devtools/server/actors/network-monitor/network-observer.js:417:10
exports.makeInfallible/<@resource://devtools/shared/ThreadSafeDevToolsUtils.js:103:22
Line: 113, column: 9
console.error: (new TypeError("topFrame.browsingContext is null", "resource://devtools/server/actors/network-monitor/network-observer.js", 113))
JavaScript warning: https://yastatic.net/jquery/2.1.4/jquery.min.js, line 2: Script terminated by timeout at:
n.fn.extend@https://yastatic.net/jquery/2.1.4/jquery.min.js:2:1538
simulate@https://yastatic.net/jquery/2.1.4/jquery.min.js:3:8789
c@https://yastatic.net/jquery/2.1.4/jquery.min.js:3:10306

console.warn: LoginRecipes: "getRecipes: falling back to a synchronous message for:" "https://www.google.ru"
console.error: (new TypeError("currentNode is null", "resource://devtools/client/inspector/shared/style-change-tracker.js", 66))
TypeError: currentNode is null: canMutationImpactCurrentStyles@resource://devtools/client/inspector/shared/style-change-tracker.js:66:20
onMutations@resource://devtools/client/inspector/shared/style-change-tracker.js:84:41
_emit@resource://devtools/shared/event-emitter.js:226:34
emit@resource://devtools/shared/event-emitter.js:172:18
emit@resource://devtools/shared/event-emitter.js:324:18
getMutations@resource://devtools/client/fronts/walker.js:409:10

1599059680940	Marionette	INFO	Stopped listening on port 60678

###!!! [Child][RunMessage] Error: Channel closing: too late to send/recv, messages will be lost


###!!! [Child][MessageChannel::SendAndWait] Error: Channel error: cannot send/recv

cal\\Temp\\rust_mozprofiled6y2eH"
console.error: SearchCache: "_readCacheFile: Error reading cache file:" (new Error("", "(unknown module)"))
JavaScript error: resource://gre/modules/XULStore.jsm, line 66: Error: Can't find profile directory.
1599059623790	Marionette	INFO	Listening on port 61401
1599059623832	Marionette	WARN	TLS certificate errors will be ignored for this session
1599059629556	Marionette	INFO	Stopped listening on port 61401

###!!! [Child][RunMessage] Error: Channel closing: too late to send/recv, messages will be lost


###!!! [Child][MessageChannel::SendAndWait] Error: Channel error: cannot send/recv

1599059645918	geckodriver	INFO	Listening on 127.0.0.1:61501
1599059649015	mozrunner::runner	INFO	Running command: "C:\\Program Files (x86)\\Mozilla Firefox\\firefox.exe" "--marionette" "-foreground" "-no-remote" "-profile" "C:\\Users\\User\\AppData\\Local\\Temp\\rust_mozprofile4ogI4Y"
console.error: SearchCache: "_readCacheFile: Error reading cache file:" (new Error("", "(unknown module)"))
JavaScript error: resource://gre/modules/XULStore.jsm, line 66: Error: Can't find profile directory.
1599059652530	Marionette	INFO	Listening on port 61518
1599059652636	Marionette	WARN	TLS certificate errors will be ignored for this session
console.warn: LoginRecipes: "getRecipes: falling back to a synchronous message for:" "https://yandex.ru"
IPDL protocol error: Handler returned error code!

###!!! [Parent][DispatchAsyncMessage] Error: PLayerTransaction::Msg_ReleaseLayer Processing error: message was deserialized, but the handler returned false (indicating failure)

IPDL protocol error: Handler returned error code!

console.error: SearchCache: "_readCacheFile: Error reading cache file:" (new Error("", "(unknown module)"))
JavaScript error: resource://gre/modules/XULStore.jsm, line 66: Error: Can't find profile directory.
1599059683892	Marionette	INFO	Listening on port 61671
1599059684048	Marionette	WARN	TLS certificate errors will be ignored for this session
JavaScript warning: https://yastatic.net/s3/home-static/_/n/d/rlA9n9EAZgyJU2HivdUz1uYAk.js, line 1: Script terminated by timeout at:
bundle</</e.getData@https://yastatic.net/s3/home-static/_/n/d/rlA9n9EAZgyJU2HivdUz1uYAk.js:1:62860
updateFunc@https://yastatic.net/s3/home-static/_/n/d/rlA9n9EAZgyJU2HivdUz1uYAk.js:5:99298
updateFunc@https://yastatic.net/s3/home-static/_/n/d/rlA9n9EAZgyJU2HivdUz1uYAk.js:5:102653
decl/</i[e]@https://yastatic.net/s3/home-static/_/n/d/rlA9n9EAZgyJU2HivdUz1uYAk.js:1:16040
o@https://yastatic.net/s3/home-static/_/n/d/rlA9n9EAZgyJU2HivdUz1uYAk.js:1:8805
initXiva/this._onXivaEvent@https://yastatic.net/s3/home-static/_/n/d/rlA9n9EAZgyJU2HivdUz1uYAk.js:5:98601
_deliverReceived@https://yastatic.net/s3/home-static/_/n/d/rlA9n9EAZgyJU2HivdUz1uYAk.js:5:35400
_toggleFocus@https://yastatic.net/s3/home-static/_/n/d/rlA9n9EAZgyJU2HivdUz1uYAk.js:5:35458
_initFocusEvents/<@https://yastatic.net/s3/home-static/_/n/d/rlA9n9EAZgyJU2HivdUz1uYAk.js:5:35684
dispatch@https://yastatic.net/jquery/2.1.4/jquery.min.js:3:6466
add/r.handle@https://yastatic.net/jquery/2.1.4/jquery.min.js:3:3241

console.error: (new TypeError("currentNode is null", "resource://devtools/client/inspector/shared/style-change-tracker.js", 66))
TypeError: currentNode is null: canMutationImpactCurrentStyles@resource://devtools/client/inspector/shared/style-change-tracker.js:66:20
onMutations@resource://devtools/client/inspector/shared/style-change-tracker.js:84:41
_emit@resource://devtools/shared/event-emitter.js:226:34
emit@resource://devtools/shared/event-emitter.js:172:18
emit@resource://devtools/shared/event-emitter.js:324:18
getMutations@resource://devtools/client/fronts/walker.js:409:10

console.error: (new TypeError("item is null", "resource://devtools/client/storage/ui.js", 1168))
console.error: (new TypeError("item is null", "resource://devtools/client/storage/ui.js", 1168))
console.error: (new TypeError("item is null", "resource://devtools/client/storage/ui.js", 1168))
console.error: (new TypeError("item is null", "resource://devtools/client/storage/ui.js", 1168))
console.error: "Could not get the list of font families" (new Error("Connection closed, pending request to server0.conn0.child2/pagestyle26, type getUsedFontFaces failed\n\nRequest stack:\nrequest@resource://devtools/shared/protocol/Front.js:256:14\ngenerateRequestMethods/</frontProto[name]@resource://devtools/shared/protocol/Front/FrontClassWithSpec.js:47:19\ngetUsedFontFamilies/</<@resource://devtools/client/inspector/rules/models/element-style.js:235:46\n", "resource://devtools/shared/protocol/Front.js", 77))
JavaScript warning: resource://devtools/client/shared/demangle.js, line 0: Successfully compiled asm.js code (total compilation time 89ms)
Extension error: TypeError: chrome[_0x55b0(...)][_0x55b0(...)] is not a function moz-extension://2e75c562-1c54-46d1-8c0f-ae2f2b6b4d0b/devtools/devtools.js 1
[[Exception stack
handleShown@moz-extension://2e75c562-1c54-46d1-8c0f-ae2f2b6b4d0b/devtools/devtools.js:1:953
Current stack
applySafeWithoutClone@resource://gre/modules/ExtensionCommon.jsm:620:13
addListener/asyncWithoutClone/<@resource://gre/modules/ExtensionCommon.jsm:2428:39
]]
WARNING: content window passed to PrivateBrowsingUtils.isWindowPrivate. Use isContentWindowPrivate instead (but only for frame scripts).
pbu_isWindowPrivate@resource://gre/modules/PrivateBrowsingUtils.jsm:27:11
isBrowserPrivate@resource://gre/modules/PrivateBrowsingUtils.jsm:47:19
loadURI@resource://gre/modules/RemoteWebNavigation.jsm:76:51
loadURI/<@chrome://global/content/elements/browser-custom-element.js:880:28
_wrapURIChangeCall@chrome://global/content/elements/browser-custom-element.js:811:9
loadURI@chrome://global/content/elements/browser-custom-element.js:879:12
createBrowserElement@chrome://browser/content/parent/ext-devtools-panels.js:88:18
Extension error: TypeError: _0x429df2 is undefined moz-extension://2e75c562-1c54-46d1-8c0f-ae2f2b6b4d0b/devtools/devtools-script.js 1
[[Exception stack
showAllMatchingNode@moz-extension://2e75c562-1c54-46d1-8c0f-ae2f2b6b4d0b/devtools/devtools-script.js:1:12465
@moz-extension://2e75c562-1c54-46d1-8c0f-ae2f2b6b4d0b/devtools/devtools-script.js:1:18550
Current stack
applySafeWithoutClone@resource://gre/modules/ExtensionCommon.jsm:620:13
addListener/asyncWithoutClone/<@resource://gre/modules/ExtensionCommon.jsm:2428:39
]]
JavaScript error: moz-extension://2e75c562-1c54-46d1-8c0f-ae2f2b6b4d0b/extension/background.js, line 1: Error: Promised response from onMessage listener went out of scope
JavaScript error: moz-extension://2e75c562-1c54-46d1-8c0f-ae2f2b6b4d0b/extension/background.js, line 1: Error: Promised response from onMessage listener went out of scope
JavaScript error: moz-extension://2e75c562-1c54-46d1-8c0f-ae2f2b6b4d0b/extension/background.js, line 1: Error: Promised response from onMessage listener went out of scope
JavaScript error: moz-extension://2e75c562-1c54-46d1-8c0f-ae2f2b6b4d0b/extension/background.js, line 1: Error: Promised response from onMessage listener went out of scope
IPDL protocol error: Handler returned error code!

###!!! [Parent][DispatchAsyncMessage] Error: PLayerTransaction::Msg_ReleaseLayer Processing error: message was deserialized, but the handler returned false (indicating failure)

IPDL protocol error: Handler returned error code!

###!!! [Parent][DispatchAsyncMessage] Error: PLayerTransaction::Msg_ReleaseLayer Processing error: message was deserialized, but the handler returned false (indicating failure)

IPDL protocol error: Handler returned error code!

###!!! [Parent][DispatchAsyncMessage] Error: PLayerTransaction::Msg_ReleaseLayer Processing error: message was deserialized, but the handler returned false (indicating failure)

IPDL protocol error: Handler returned error code!

###!!! [Parent][DispatchAsyncMessage] Error: PLayerTransaction::Msg_ReleaseLayer Processing error: message was deserialized, but the handler returned false (indicating failure)

1599062209509	Marionette	INFO	Stopped listening on port 61671

###!!! [Child][RunMessage] Error: Channel closing: too late to send/recv, messages will be lost


###!!! [Child][MessageChannel::SendAndWait] Error: Channel error: cannot send/recv

	INFO	Stopped listening on port 64324

###!!! [Child][MessageChannel::SendAndWait] Error: Channel error: cannot send/recv

efox\\firefox.exe" "--marionette" "-foreground" "-no-remote" "-profile" "C:\\Users\\User\\AppData\\Local\\Temp\\rust_mozprofileuajXZR"
console.error: SearchCache: "_readCacheFile: Error reading cache file:" (new Error("", "(unknown module)"))
JavaScript error: resource://gre/modules/XULStore.jsm, line 66: Error: Can't find profile directory.
1599061267114	Marionette	INFO	Listening on port 64634
1599061267238	Marionette	WARN	TLS certificate errors will be ignored for this session
1599061281173	Marionette	INFO	Stopped listening on port 64634

###!!! [Child][MessageChannel::SendAndWait] Error: Channel error: cannot send/recv

1600366460120	geckodriver	INFO	Listening on 127.0.0.1:63666
1600366463191	mozrunner::runner	INFO	Running command: "C:\\Program Files (x86)\\Mozilla Firefox\\firefox.exe" "--marionette" "-foreground" "-no-remote" "-profile" "C:\\Users\\User\\AppData\\Local\\Temp\\rust_mozprofileTxpsIH"
JavaScript error: resource://gre/modules/XULStore.jsm, line 66: Error: Can't find profile directory.
console.error: SearchCache: "_readCacheFile: Error reading cache file:" (new Error("", "(unknown module)"))
1600366467443	Marionette	INFO	Listening on port 63674
1600366467482	Marionette	WARN	TLS certificate errors will be ignored for this session
IPDL protocol error: Handler returned error code!

###!!! [Parent][DispatchAsyncMessage] Error: PLayerTransaction::Msg_ReleaseLayer Processing error: message was deserialized, but the handler returned false (indicating failure)

IPDL protocol error: Handler returned error code!

###!!! [Parent][DispatchAsyncMessage] Error: PLayerTransaction::Msg_ReleaseLayer Processing error: message was deserialized, but the handler returned false (indicating failure)

IPDL protocol error: Handler returned error code!

###!!! [Parent][DispatchAsyncMessage] Error: PLayerTransaction::Msg_ReleaseLayer Processing error: message was deserialized, but the handler returned false (indicating failure)

1600366484988	Marionette	INFO	Stopped listening on port 63674

###!!! [Child][RunMessage] Error: Channel closing: too late to send/recv, messages will be lost


###!!! [Child][MessageChannel::SendAndWait] Error: Channel error: cannot send/recv

1600959837389	geckodriver	INFO	Listening on 127.0.0.1:64345
1600959840509	mozrunner::runner	INFO	Running command: "C:\\Program Files (x86)\\Mozilla Firefox\\firefox.exe" "--marionette" "-foreground" "-no-remote" "-profile" "C:\\Users\\User\\AppData\\Local\\Temp\\rust_mozprofileqTunG4"
console.error: SearchCache: "_readCacheFile: Error reading cache file:" (new Error("", "(unknown module)"))
JavaScript error: resource://gre/modules/XULStore.jsm, line 66: Error: Can't find profile directory.
1600959843676	Marionette	INFO	Listening on port 64353
1600959844148	Marionette	WARN	TLS certificate errors will be ignored for this session
IPDL protocol error: Handler returned error code!

###!!! [Parent][DispatchAsyncMessage] Error: PLayerTransaction::Msg_ReleaseLayer Processing error: message was deserialized, but the handler returned false (indicating failure)

IPDL protocol error: Handler returned error code!

###!!! [Parent][DispatchAsyncMessage] Error: PLayerTransaction::Msg_ReleaseLayer Processing error: message was deserialized, but the handler returned false (indicating failure)

IPDL protocol error: Handler returned error code!

###!!! [Parent][DispatchAsyncMessage] Error: PLayerTransaction::Msg_ReleaseLayer Processing error: message was deserialized, but the handler returned false (indicating failure)

1600959856145	Marionette	INFO	Stopped listening on port 64353

###!!! [Child][RunMessage] Error: Channel closing: too late to send/recv, messages will be lost


###!!! [Child][MessageChannel::SendAndWait] Error: Channel error: cannot send/recv

1612688129121	geckodriver	INFO	Listening on 127.0.0.1:57626
1612688132290	mozrunner::runner	INFO	Running command: "C:\\Program Files (x86)\\Mozilla Firefox\\firefox.exe" "--marionette" "-foreground" "-no-remote" "-profile" "C:\\Users\\User\\AppData\\Local\\Temp\\rust_mozprofilebe7x9E"
console.error: SearchCache: "_readCacheFile: Error reading cache file:" (new Error("", "(unknown module)"))
JavaScript error: resource://gre/modules/XULStore.jsm, line 66: Error: Can't find profile directory.
1612688137650	Marionette	INFO	Listening on port 57634
1612688138115	Marionette	WARN	TLS certificate errors will be ignored for this session
IPDL protocol error: Handler returned error code!

###!!! [Parent][DispatchAsyncMessage] Error: PLayerTransaction::Msg_ReleaseLayer Processing error: message was deserialized, but the handler returned false (indicating failure)

IPDL protocol error: Handler returned error code!

###!!! [Parent][DispatchAsyncMessage] Error: PLayerTransaction::Msg_ReleaseLayer Processing error: message was deserialized, but the handler returned false (indicating failure)

1612688148733	Marionette	INFO	Stopped listening on port 57634

###!!! [Child][MessageChannel::SendAndWait] Error: Channel error: cannot send/recv

1612688239686	geckodriver	INFO	Listening on 127.0.0.1:57789
1612688242793	mozrunner::runner	INFO	Running command: "C:\\Program Files (x86)\\Mozilla Firefox\\firefox.exe" "--marionette" "-foreground" "-no-remote" "-profile" "C:\\Users\\User\\AppData\\Local\\Temp\\rust_mozprofiledrlit9"
console.error: SearchCache: "_readCacheFile: Error reading cache file:" (new Error("", "(unknown module)"))
JavaScript error: resource://gre/modules/XULStore.jsm, line 66: Error: Can't find profile directory.
1612688245542	Marionette	INFO	Listening on port 57797
1612688245968	Marionette	WARN	TLS certificate errors will be ignored for this session
IPDL protocol error: Handler returned error code!

###!!! [Parent][DispatchAsyncMessage] Error: PLayerTransaction::Msg_ReleaseLayer Processing error: message was deserialized, but the handler returned false (indicating failure)

IPDL protocol error: Handler returned error code!

###!!! [Parent][DispatchAsyncMessage] Error: PLayerTransaction::Msg_ReleaseLayer Processing error: message was deserialized, but the handler returned false (indicating failure)

IPDL protocol error: Handler returned error code!

###!!! [Parent][DispatchAsyncMessage] Error: PLayerTransaction::Msg_ReleaseLayer Processing error: message was deserialized, but the handler returned false (indicating failure)

1612688258313	Marionette	INFO	Stopped listening on port 57797

###!!! [Child][RunMessage] Error: Channel closing: too late to send/recv, messages will be lost


###!!! [Child][MessageChannel::SendAndWait] Error: Channel error: cannot send/recv

